19:28:39 [ INFO] Opening target process: csgo.exe
19:28:39 [ERROR] Could not open process csgo.exe!
19:28:40 [ INFO] Opening target process: csgo.exe
19:28:40 [ERROR] Could not open process csgo.exe!
19:57:29 [ INFO] Opening target process: csgo.exe
19:57:29 [ INFO] Starting signature scanning: 57 items
19:57:29 [ INFO] Found signature: dwClientState => 0x588FEC
19:57:29 [ INFO] Found signature: dwClientState_GetLocalPlayer => 0x180
19:57:29 [ INFO] Found signature: dwClientState_IsHLTV => 0x4D48
19:57:29 [ INFO] Found signature: dwClientState_Map => 0x28C
19:57:29 [ INFO] Found signature: dwClientState_MapDirectory => 0x188
19:57:29 [ INFO] Found signature: dwClientState_MaxPlayer => 0x388
19:57:29 [ INFO] Found signature: dwClientState_PlayerInfo => 0x52C0
19:57:29 [ INFO] Found signature: dwClientState_State => 0x108
19:57:29 [ INFO] Found signature: dwClientState_ViewAngles => 0x4D90
19:57:29 [ INFO] Found signature: clientstate_delta_ticks => 0x174
19:57:29 [ INFO] Found signature: clientstate_last_outgoing_command => 0x4D2C
19:57:29 [ INFO] Found signature: clientstate_choked_commands => 0x4D30
19:57:29 [ INFO] Found signature: clientstate_net_channel => 0x9C
19:57:29 [ INFO] Found signature: dwEntityList => 0x4DA541C
19:57:29 [ INFO] Found signature: dwForceAttack => 0x31D59A4
19:57:29 [ INFO] Found signature: dwForceAttack2 => 0x31D59B0
19:57:29 [ INFO] Found signature: dwForceBackward => 0x31D595C
19:57:29 [ INFO] Found signature: dwForceForward => 0x31D5968
19:57:29 [ INFO] Found signature: dwForceJump => 0x524F20C
19:57:29 [ INFO] Found signature: dwForceLeft => 0x31D5980
19:57:29 [ INFO] Found signature: dwForceRight => 0x31D5974
19:57:29 [ INFO] Found signature: dwGameDir => 0x627780
19:57:29 [ INFO] Found signature: dwGameRulesProxy => 0x52C24FC
19:57:29 [ INFO] Found signature: dwGetAllClasses => 0xDB401C
19:57:29 [ INFO] Found signature: dwGlobalVars => 0x588CF0
19:57:29 [ INFO] Found signature: dwGlowObjectManager => 0x52ED8B0
19:57:29 [ INFO] Found signature: dwInput => 0x51F69E0
19:57:29 [ INFO] Found signature: dwInterfaceLinkList => 0x947404
19:57:29 [ INFO] Found signature: dwLocalPlayer => 0xD8C2CC
19:57:29 [ INFO] Found signature: dwMouseEnable => 0xD91E18
19:57:29 [ INFO] Found signature: dwMouseEnablePtr => 0xD91DE8
19:57:29 [ INFO] Found signature: dwPlayerResource => 0x31D3CD0
19:57:29 [ INFO] Found signature: dwRadarBase => 0x51DA194
19:57:29 [ INFO] Found signature: dwSensitivity => 0xD91CB4
19:57:29 [ INFO] Found signature: dwSensitivityPtr => 0xD91C88
19:57:29 [ INFO] Found signature: dwSetClanTag => 0x8A1B0
19:57:29 [ INFO] Found signature: dwViewMatrix => 0x4D96D34
19:57:29 [ INFO] Found signature: dwWeaponTable => 0x51F74A0
19:57:29 [ INFO] Found signature: dwWeaponTableIndex => 0x325C
19:57:29 [ INFO] Found signature: dwYawPtr => 0xD91A78
19:57:29 [ INFO] Found signature: dwZoomSensitivityRatioPtr => 0xD96D18
19:57:29 [ INFO] Found signature: dwbSendPackets => 0xD779A
19:57:30 [ INFO] Found signature: dwppDirect3DDevice9 => 0xA7050
19:57:30 [ INFO] Found signature: m_pStudioHdr => 0x294C
19:57:30 [ INFO] Found signature: m_yawClassPtr => 0xD91A78
19:57:30 [ INFO] Found signature: m_pitchClassPtr => 0x51DA430
19:57:30 [ INFO] Found signature: interface_engine_cvar => 0x3E9EC
19:57:30 [ INFO] Found signature: convar_name_hash_table => 0x2F0F8
19:57:30 [ INFO] Found signature: m_bDormant => 0xED
19:57:30 [ INFO] Found signature: model_ambient_min => 0x58C064
19:57:30 [ INFO] Found signature: set_abs_angles => 0x1E2350
19:57:30 [ INFO] Found signature: set_abs_origin => 0x1E2190
19:57:30 [ INFO] Found signature: is_c4_owner => 0x3BDDD0
19:57:30 [ INFO] Found signature: force_update_spectator_glow => 0x3B118A
19:57:30 [ INFO] Found signature: anim_overlays => 0x2980
19:57:30 [ INFO] Found signature: m_flSpawnTime => 0xA370
19:57:30 [ INFO] Found signature: find_hud_element => 0x2EC40F60
19:57:30 [ INFO] Finished signature scanning: 57/57 items successful
19:57:30 [ INFO] Starting netvar scanning: 92 items
19:57:30 [ INFO] Found netvar: m_ArmorValue => 0xB37C
19:57:30 [ INFO] Found netvar: m_Collision => 0x320
19:57:30 [ INFO] Found netvar: m_CollisionGroup => 0x474
19:57:30 [ INFO] Found netvar: m_Local => 0x2FBC
19:57:30 [ INFO] Found netvar: m_MoveType => 0x25B
19:57:30 [ INFO] Found netvar: m_OriginalOwnerXuidHigh => 0x31C4
19:57:30 [ INFO] Found netvar: m_OriginalOwnerXuidLow => 0x31C0
19:57:30 [ INFO] Found netvar: m_aimPunchAngle => 0x302C
19:57:30 [ INFO] Found netvar: m_aimPunchAngleVel => 0x3038
19:57:30 [ INFO] Found netvar: m_bGunGameImmunity => 0x3944
19:57:30 [ INFO] Found netvar: m_bHasDefuser => 0xB38C
19:57:30 [ INFO] Found netvar: m_bHasHelmet => 0xB370
19:57:30 [ INFO] Found netvar: m_bInReload => 0x3238
19:57:30 [ INFO] Found netvar: m_bIsDefusing => 0x3930
19:57:30 [ INFO] Found netvar: m_bIsScoped => 0x3928
19:57:30 [ INFO] Found netvar: m_bSpotted => 0x93D
19:57:30 [ INFO] Found netvar: m_bSpottedByMask => 0x980
19:57:30 [ INFO] Found netvar: m_dwBoneMatrix => 0x268C
19:57:30 [ INFO] Found netvar: m_fAccuracyPenalty => 0x3330
19:57:30 [ INFO] Found netvar: m_fFlags => 0x104
19:57:30 [ INFO] Found netvar: m_hViewModel => 0x32F8
19:57:30 [ INFO] Found netvar: m_flFallbackWear => 0x31D0
19:57:30 [ INFO] Found netvar: m_flFlashDuration => 0xA420
19:57:30 [ INFO] Found netvar: m_flFlashMaxAlpha => 0xA41C
19:57:30 [ INFO] Found netvar: m_flNextPrimaryAttack => 0x3238
19:57:30 [ INFO] Found netvar: m_hActiveWeapon => 0x2EF8
19:57:30 [ INFO] Found netvar: m_hMyWeapons => 0x2EF8
19:57:30 [ INFO] Found netvar: m_hObserverTarget => 0x338C
19:57:30 [ INFO] Found netvar: m_hOwner => 0x29CC
19:57:30 [ INFO] Found netvar: m_hOwnerEntity => 0x14C
19:57:30 [ INFO] Found netvar: m_iAccountID => 0x2FC8
19:57:30 [ INFO] Found netvar: m_iClip1 => 0x3264
19:57:30 [ INFO] Found netvar: m_zoomLevel => 0x33D0
19:57:30 [ INFO] Found netvar: m_iCompetitiveRanking => 0x1A84
19:57:30 [ INFO] Found netvar: m_iCompetitiveWins => 0x1B88
19:57:30 [ INFO] Found netvar: m_iCrosshairId => 0xB38C
19:57:30 [ INFO] Found netvar: m_iEntityQuality => 0x2FAC
19:57:30 [ INFO] Found netvar: m_iFOVStart => 0x31E8
19:57:30 [ INFO] Found netvar: m_iGlowIndex => 0xA420
19:57:30 [ INFO] Found netvar: m_iHealth => 0x100
19:57:30 [ INFO] Found netvar: m_iItemDefinitionIndex => 0x2FAA
19:57:30 [ INFO] Found netvar: m_iItemIDHigh => 0x2FC0
19:57:30 [ INFO] Found netvar: m_iObserverMode => 0x3378
19:57:30 [ INFO] Found netvar: m_iShotsFired => 0xA390
19:57:30 [ INFO] Found netvar: m_iState => 0x3258
19:57:30 [ INFO] Found netvar: m_iTeamNum => 0xF4
19:57:30 [ INFO] Found netvar: m_lifeState => 0x25F
19:57:30 [ INFO] Found netvar: m_nFallbackPaintKit => 0x31C8
19:57:30 [ INFO] Found netvar: m_nFallbackSeed => 0x31CC
19:57:30 [ INFO] Found netvar: m_nFallbackStatTrak => 0x31D4
19:57:30 [ INFO] Found netvar: m_iDefaultFOV => 0x332C
19:57:30 [ INFO] Found netvar: m_nForceBone => 0x268C
19:57:30 [ INFO] Found netvar: m_nTickBase => 0x3430
19:57:30 [ INFO] Found netvar: m_rgflCoordinateFrame => 0x474
19:57:30 [ INFO] Found netvar: m_szCustomName => 0x303C
19:57:30 [ INFO] Found netvar: m_szLastPlaceName => 0x35B4
19:57:30 [ INFO] Found netvar: m_vecOrigin => 0x138
19:57:30 [ INFO] Found netvar: m_vecVelocity => 0x114
19:57:30 [ INFO] Found netvar: m_vecViewOffset => 0x108
19:57:30 [ INFO] Found netvar: m_viewPunchAngle => 0x3020
19:57:30 [ INFO] Found netvar: m_thirdPersonViewAngles => 0x31D4
19:57:30 [ INFO] Found netvar: m_clrRender => 0x70
19:57:30 [ INFO] Found netvar: m_bBombTicking => 0x2980
19:57:30 [ INFO] Found netvar: m_bBombDefused => 0x29B0
19:57:30 [ INFO] Found netvar: m_flC4Blow => 0x2990
19:57:30 [ INFO] Found netvar: m_hBombDefuser => 0x29B4
19:57:30 [ INFO] Found netvar: m_flTimerLength => 0x2994
19:57:30 [ INFO] Found netvar: m_flDefuseLength => 0x29A8
19:57:30 [ INFO] Found netvar: m_flDefuseCountDown => 0x29AC
19:57:30 [ INFO] Found netvar: m_nBombSite => 0x2984
19:57:30 [ INFO] Found netvar: cs_gamerules_data => 0x0
19:57:30 [ INFO] Found netvar: m_SurvivalRules => 0xD00
19:57:30 [ INFO] Found netvar: m_SurvivalGameRuleDecisionTypes => 0x1328
19:57:30 [ INFO] Found netvar: m_bIsValveDS => 0x7C
19:57:30 [ INFO] Found netvar: m_bFreezePeriod => 0x20
19:57:30 [ INFO] Found netvar: m_bBombPlanted => 0x9A5
19:57:30 [ INFO] Found netvar: m_bIsQueuedMatchmaking => 0x74
19:57:30 [ INFO] Found netvar: m_flSimulationTime => 0x268
19:57:30 [ INFO] Found netvar: m_flLowerBodyYawTarget => 0x3A90
19:57:30 [ INFO] Found netvar: m_angEyeAnglesX => 0xB380
19:57:30 [ INFO] Found netvar: m_angEyeAnglesY => 0xB384
19:57:30 [ INFO] Found netvar: m_flNextAttack => 0x2D70
19:57:30 [ INFO] Found netvar: m_iMostRecentModelBoneCounter => 0x268C
19:57:30 [ INFO] Found netvar: m_flLastBoneSetupTime => 0x28BC
19:57:30 [ INFO] Found netvar: m_bStartedArming => 0x33F0
19:57:30 [ INFO] Found netvar: m_bUseCustomBloomScale => 0x9DA
19:57:30 [ INFO] Found netvar: m_bUseCustomAutoExposureMin => 0x9D8
19:57:30 [ INFO] Found netvar: m_bUseCustomAutoExposureMax => 0x9D9
19:57:30 [ INFO] Found netvar: m_flCustomBloomScale => 0x9E4
19:57:30 [ INFO] Found netvar: m_flCustomAutoExposureMin => 0x9DC
19:57:30 [ INFO] Found netvar: m_flCustomAutoExposureMax => 0x9E0
19:57:30 [ INFO] Found netvar: m_nViewModelIndex => 0x29C0
19:57:30 [ INFO] Finished netvar scanning: 92/92 items successful
03:30:17 [ INFO] Opening target process: csgo.exe
03:30:17 [ INFO] Starting signature scanning: 57 items
03:30:17 [ INFO] Found signature: dwClientState => 0x588FEC
03:30:17 [ INFO] Found signature: dwClientState_GetLocalPlayer => 0x180
03:30:17 [ INFO] Found signature: dwClientState_IsHLTV => 0x4D48
03:30:17 [ INFO] Found signature: dwClientState_Map => 0x28C
03:30:17 [ INFO] Found signature: dwClientState_MapDirectory => 0x188
03:30:17 [ INFO] Found signature: dwClientState_MaxPlayer => 0x388
03:30:17 [ INFO] Found signature: dwClientState_PlayerInfo => 0x52C0
03:30:17 [ INFO] Found signature: dwClientState_State => 0x108
03:30:17 [ WARN] dwClientState_ViewAngles sigscan failed: Pattern not found
03:30:17 [ INFO] Found signature: clientstate_delta_ticks => 0x174
03:30:17 [ INFO] Found signature: clientstate_last_outgoing_command => 0x4D2C
03:30:17 [ INFO] Found signature: clientstate_choked_commands => 0x4D30
03:30:17 [ INFO] Found signature: clientstate_net_channel => 0x9C
03:30:17 [ INFO] Found signature: dwEntityList => 0x4DBC5B4
03:30:17 [ INFO] Found signature: dwForceAttack => 0x31ECB34
03:30:17 [ INFO] Found signature: dwForceAttack2 => 0x31ECB40
03:30:17 [ INFO] Found signature: dwForceBackward => 0x31ECAEC
03:30:17 [ INFO] Found signature: dwForceForward => 0x31ECAF8
03:30:17 [ INFO] Found signature: dwForceJump => 0x52663C4
03:30:17 [ INFO] Found signature: dwForceLeft => 0x31ECB10
03:30:17 [ INFO] Found signature: dwForceRight => 0x31ECB04
03:30:17 [ INFO] Found signature: dwGameDir => 0x627700
03:30:17 [ INFO] Found signature: dwGameRulesProxy => 0x52D96AC
03:30:17 [ INFO] Found signature: dwGetAllClasses => 0xDCAA5C
03:30:17 [ INFO] Found signature: dwGlobalVars => 0x588CF0
03:30:17 [ INFO] Found signature: dwGlowObjectManager => 0x5304AC0
03:30:17 [ INFO] Found signature: dwInput => 0x520DB78
03:30:17 [ INFO] Found signature: dwInterfaceLinkList => 0x9538B4
03:30:17 [ INFO] Found signature: dwLocalPlayer => 0xDA244C
03:30:17 [ INFO] Found signature: dwMouseEnable => 0xDA7F98
03:30:17 [ INFO] Found signature: dwMouseEnablePtr => 0xDA7F68
03:30:17 [ INFO] Found signature: dwPlayerResource => 0x31EAE60
03:30:17 [ INFO] Found signature: dwRadarBase => 0x51F132C
03:30:17 [ INFO] Found signature: dwSensitivity => 0xDA7E34
03:30:17 [ INFO] Found signature: dwSensitivityPtr => 0xDA7E08
03:30:17 [ INFO] Found signature: dwSetClanTag => 0x8A130
03:30:17 [ INFO] Found signature: dwViewMatrix => 0x4DADEB4
03:30:17 [ INFO] Found signature: dwWeaponTable => 0x520E63C
03:30:17 [ INFO] Found signature: dwWeaponTableIndex => 0x326C
03:30:17 [ INFO] Found signature: dwYawPtr => 0xDA7BF8
03:30:17 [ INFO] Found signature: dwZoomSensitivityRatioPtr => 0xDACE98
03:30:17 [ INFO] Found signature: dwbSendPackets => 0xD7A62
03:30:17 [ INFO] Found signature: dwppDirect3DDevice9 => 0xA7050
03:30:17 [ INFO] Found signature: m_pStudioHdr => 0x2950
03:30:17 [ INFO] Found signature: m_yawClassPtr => 0xDA7BF8
03:30:17 [ INFO] Found signature: m_pitchClassPtr => 0x51F15C8
03:30:17 [ INFO] Found signature: interface_engine_cvar => 0x3E9EC
03:30:17 [ INFO] Found signature: convar_name_hash_table => 0x2F0F8
03:30:17 [ INFO] Found signature: m_bDormant => 0xED
03:30:17 [ INFO] Found signature: model_ambient_min => 0x58C00C
03:30:17 [ INFO] Found signature: set_abs_angles => 0x1E37C0
03:30:17 [ INFO] Found signature: set_abs_origin => 0x1E3600
03:30:17 [ INFO] Found signature: is_c4_owner => 0x3C0820
03:30:17 [ INFO] Found signature: force_update_spectator_glow => 0x3B38CA
03:30:17 [ INFO] Found signature: anim_overlays => 0x2990
03:30:17 [ INFO] Found signature: m_flSpawnTime => 0x103C0
03:30:17 [ INFO] Found signature: find_hud_element => 0x2B6F27A0
03:30:17 [ INFO] Finished signature scanning: 56/57 items successful
03:30:17 [ INFO] Starting netvar scanning: 92 items
03:30:17 [ INFO] Found netvar: m_ArmorValue => 0x113CC
03:30:17 [ INFO] Found netvar: m_Collision => 0x320
03:30:17 [ INFO] Found netvar: m_CollisionGroup => 0x474
03:30:17 [ INFO] Found netvar: m_Local => 0x2FCC
03:30:17 [ INFO] Found netvar: m_MoveType => 0x25B
03:30:17 [ INFO] Found netvar: m_OriginalOwnerXuidHigh => 0x31D4
03:30:17 [ INFO] Found netvar: m_OriginalOwnerXuidLow => 0x31D0
03:30:17 [ INFO] Found netvar: m_aimPunchAngle => 0x303C
03:30:17 [ INFO] Found netvar: m_aimPunchAngleVel => 0x3048
03:30:17 [ INFO] Found netvar: m_bGunGameImmunity => 0x9990
03:30:17 [ INFO] Found netvar: m_bHasDefuser => 0x113DC
03:30:17 [ INFO] Found netvar: m_bHasHelmet => 0x113C0
03:30:17 [ INFO] Found netvar: m_bInReload => 0x3248
03:30:17 [ INFO] Found netvar: m_bIsDefusing => 0x997C
03:30:17 [ INFO] Found netvar: m_bIsScoped => 0x9974
03:30:17 [ INFO] Found netvar: m_bSpotted => 0x93D
03:30:17 [ INFO] Found netvar: m_bSpottedByMask => 0x980
03:30:17 [ INFO] Found netvar: m_dwBoneMatrix => 0x268C
03:30:17 [ INFO] Found netvar: m_fAccuracyPenalty => 0x3340
03:30:17 [ INFO] Found netvar: m_fFlags => 0x104
03:30:17 [ INFO] Found netvar: m_hViewModel => 0x3308
03:30:17 [ INFO] Found netvar: m_flFallbackWear => 0x31E0
03:30:17 [ INFO] Found netvar: m_flFlashDuration => 0x10470
03:30:17 [ INFO] Found netvar: m_flFlashMaxAlpha => 0x1046C
03:30:17 [ INFO] Found netvar: m_flNextPrimaryAttack => 0x3248
03:30:17 [ INFO] Found netvar: m_hActiveWeapon => 0x2F08
03:30:17 [ INFO] Found netvar: m_hMyWeapons => 0x2F08
03:30:17 [ INFO] Found netvar: m_hObserverTarget => 0x339C
03:30:17 [ INFO] Found netvar: m_hOwner => 0x29DC
03:30:17 [ INFO] Found netvar: m_hOwnerEntity => 0x14C
03:30:17 [ INFO] Found netvar: m_iAccountID => 0x2FD8
03:30:17 [ INFO] Found netvar: m_iClip1 => 0x3274
03:30:17 [ INFO] Found netvar: m_zoomLevel => 0x33E0
03:30:17 [ INFO] Found netvar: m_iCompetitiveRanking => 0x1A84
03:30:17 [ INFO] Found netvar: m_iCompetitiveWins => 0x1B88
03:30:17 [ INFO] Found netvar: m_iCrosshairId => 0x113DC
03:30:17 [ INFO] Found netvar: m_iEntityQuality => 0x2FBC
03:30:17 [ INFO] Found netvar: m_iFOVStart => 0x31F8
03:30:17 [ INFO] Found netvar: m_iGlowIndex => 0x10470
03:30:17 [ INFO] Found netvar: m_iHealth => 0x100
03:30:17 [ INFO] Found netvar: m_iItemDefinitionIndex => 0x2FBA
03:30:17 [ INFO] Found netvar: m_iItemIDHigh => 0x2FD0
03:30:17 [ INFO] Found netvar: m_iObserverMode => 0x3388
03:30:17 [ INFO] Found netvar: m_iShotsFired => 0x103E0
03:30:17 [ INFO] Found netvar: m_iState => 0x3268
03:30:17 [ INFO] Found netvar: m_iTeamNum => 0xF4
03:30:17 [ INFO] Found netvar: m_lifeState => 0x25F
03:30:17 [ INFO] Found netvar: m_nFallbackPaintKit => 0x31D8
03:30:17 [ INFO] Found netvar: m_nFallbackSeed => 0x31DC
03:30:17 [ INFO] Found netvar: m_nFallbackStatTrak => 0x31E4
03:30:17 [ INFO] Found netvar: m_iDefaultFOV => 0x333C
03:30:17 [ INFO] Found netvar: m_nForceBone => 0x268C
03:30:17 [ INFO] Found netvar: m_nTickBase => 0x3440
03:30:17 [ INFO] Found netvar: m_rgflCoordinateFrame => 0x474
03:30:17 [ INFO] Found netvar: m_szCustomName => 0x304C
03:30:17 [ INFO] Found netvar: m_szLastPlaceName => 0x35C4
03:30:17 [ INFO] Found netvar: m_vecOrigin => 0x138
03:30:17 [ INFO] Found netvar: m_vecVelocity => 0x114
03:30:17 [ INFO] Found netvar: m_vecViewOffset => 0x108
03:30:17 [ INFO] Found netvar: m_viewPunchAngle => 0x3030
03:30:17 [ INFO] Found netvar: m_thirdPersonViewAngles => 0x31E4
03:30:17 [ INFO] Found netvar: m_clrRender => 0x70
03:30:17 [ INFO] Found netvar: m_bBombTicking => 0x2990
03:30:17 [ INFO] Found netvar: m_bBombDefused => 0x29C0
03:30:17 [ INFO] Found netvar: m_flC4Blow => 0x29A0
03:30:17 [ INFO] Found netvar: m_hBombDefuser => 0x29C4
03:30:17 [ INFO] Found netvar: m_flTimerLength => 0x29A4
03:30:17 [ INFO] Found netvar: m_flDefuseLength => 0x29B8
03:30:17 [ INFO] Found netvar: m_flDefuseCountDown => 0x29BC
03:30:17 [ INFO] Found netvar: m_nBombSite => 0x2994
03:30:17 [ INFO] Found netvar: cs_gamerules_data => 0x0
03:30:17 [ INFO] Found netvar: m_SurvivalRules => 0xD00
03:30:17 [ INFO] Found netvar: m_SurvivalGameRuleDecisionTypes => 0x1328
03:30:17 [ INFO] Found netvar: m_bIsValveDS => 0x7C
03:30:17 [ INFO] Found netvar: m_bFreezePeriod => 0x20
03:30:17 [ INFO] Found netvar: m_bBombPlanted => 0x9A5
03:30:17 [ INFO] Found netvar: m_bIsQueuedMatchmaking => 0x74
03:30:17 [ INFO] Found netvar: m_flSimulationTime => 0x268
03:30:17 [ INFO] Found netvar: m_flLowerBodyYawTarget => 0x9ADC
03:30:17 [ INFO] Found netvar: m_angEyeAnglesX => 0x113D0
03:30:17 [ INFO] Found netvar: m_angEyeAnglesY => 0x113D4
03:30:17 [ INFO] Found netvar: m_flNextAttack => 0x2D80
03:30:17 [ INFO] Found netvar: m_iMostRecentModelBoneCounter => 0x268C
03:30:17 [ INFO] Found netvar: m_flLastBoneSetupTime => 0x28C0
03:30:17 [ INFO] Found netvar: m_bStartedArming => 0x3400
03:30:17 [ INFO] Found netvar: m_bUseCustomBloomScale => 0x9DA
03:30:17 [ INFO] Found netvar: m_bUseCustomAutoExposureMin => 0x9D8
03:30:17 [ INFO] Found netvar: m_bUseCustomAutoExposureMax => 0x9D9
03:30:17 [ INFO] Found netvar: m_flCustomBloomScale => 0x9E4
03:30:17 [ INFO] Found netvar: m_flCustomAutoExposureMin => 0x9DC
03:30:17 [ INFO] Found netvar: m_flCustomAutoExposureMax => 0x9E0
03:30:17 [ INFO] Found netvar: m_nViewModelIndex => 0x29D0
03:30:17 [ INFO] Finished netvar scanning: 92/92 items successful
03:30:18 [ INFO] Opening target process: csgo.exe
03:30:18 [ INFO] Starting signature scanning: 57 items
03:30:18 [ INFO] Found signature: dwClientState => 0x588FEC
03:30:18 [ INFO] Found signature: dwClientState_GetLocalPlayer => 0x180
03:30:18 [ INFO] Found signature: dwClientState_IsHLTV => 0x4D48
03:30:18 [ INFO] Found signature: dwClientState_Map => 0x28C
03:30:18 [ INFO] Found signature: dwClientState_MapDirectory => 0x188
03:30:18 [ INFO] Found signature: dwClientState_MaxPlayer => 0x388
03:30:18 [ INFO] Found signature: dwClientState_PlayerInfo => 0x52C0
03:30:18 [ INFO] Found signature: dwClientState_State => 0x108
03:30:18 [ WARN] dwClientState_ViewAngles sigscan failed: Pattern not found
03:30:18 [ INFO] Found signature: clientstate_delta_ticks => 0x174
03:30:18 [ INFO] Found signature: clientstate_last_outgoing_command => 0x4D2C
03:30:18 [ INFO] Found signature: clientstate_choked_commands => 0x4D30
03:30:18 [ INFO] Found signature: clientstate_net_channel => 0x9C
03:30:18 [ INFO] Found signature: dwEntityList => 0x4DBC5B4
03:30:18 [ INFO] Found signature: dwForceAttack => 0x31ECB34
03:30:18 [ INFO] Found signature: dwForceAttack2 => 0x31ECB40
03:30:18 [ INFO] Found signature: dwForceBackward => 0x31ECAEC
03:30:18 [ INFO] Found signature: dwForceForward => 0x31ECAF8
03:30:18 [ INFO] Found signature: dwForceJump => 0x52663C4
03:30:18 [ INFO] Found signature: dwForceLeft => 0x31ECB10
03:30:18 [ INFO] Found signature: dwForceRight => 0x31ECB04
03:30:18 [ INFO] Found signature: dwGameDir => 0x627700
03:30:18 [ INFO] Found signature: dwGameRulesProxy => 0x52D96AC
03:30:18 [ INFO] Found signature: dwGetAllClasses => 0xDCAA5C
03:30:18 [ INFO] Found signature: dwGlobalVars => 0x588CF0
03:30:18 [ INFO] Found signature: dwGlowObjectManager => 0x5304AC0
03:30:18 [ INFO] Found signature: dwInput => 0x520DB78
03:30:18 [ INFO] Found signature: dwInterfaceLinkList => 0x9538B4
03:30:18 [ INFO] Found signature: dwLocalPlayer => 0xDA244C
03:30:18 [ INFO] Found signature: dwMouseEnable => 0xDA7F98
03:30:18 [ INFO] Found signature: dwMouseEnablePtr => 0xDA7F68
03:30:18 [ INFO] Found signature: dwPlayerResource => 0x31EAE60
03:30:18 [ INFO] Found signature: dwRadarBase => 0x51F132C
03:30:18 [ INFO] Found signature: dwSensitivity => 0xDA7E34
03:30:18 [ INFO] Found signature: dwSensitivityPtr => 0xDA7E08
03:30:18 [ INFO] Found signature: dwSetClanTag => 0x8A130
03:30:18 [ INFO] Found signature: dwViewMatrix => 0x4DADEB4
03:30:18 [ INFO] Found signature: dwWeaponTable => 0x520E63C
03:30:18 [ INFO] Found signature: dwWeaponTableIndex => 0x326C
03:30:18 [ INFO] Found signature: dwYawPtr => 0xDA7BF8
03:30:18 [ INFO] Found signature: dwZoomSensitivityRatioPtr => 0xDACE98
03:30:18 [ INFO] Found signature: dwbSendPackets => 0xD7A62
03:30:18 [ INFO] Found signature: dwppDirect3DDevice9 => 0xA7050
03:30:18 [ INFO] Found signature: m_pStudioHdr => 0x2950
03:30:18 [ INFO] Found signature: m_yawClassPtr => 0xDA7BF8
03:30:18 [ INFO] Found signature: m_pitchClassPtr => 0x51F15C8
03:30:18 [ INFO] Found signature: interface_engine_cvar => 0x3E9EC
03:30:18 [ INFO] Found signature: convar_name_hash_table => 0x2F0F8
03:30:18 [ INFO] Found signature: m_bDormant => 0xED
03:30:18 [ INFO] Found signature: model_ambient_min => 0x58C00C
03:30:18 [ INFO] Found signature: set_abs_angles => 0x1E37C0
03:30:18 [ INFO] Found signature: set_abs_origin => 0x1E3600
03:30:18 [ INFO] Found signature: is_c4_owner => 0x3C0820
03:30:18 [ INFO] Found signature: force_update_spectator_glow => 0x3B38CA
03:30:18 [ INFO] Found signature: anim_overlays => 0x2990
03:30:18 [ INFO] Found signature: m_flSpawnTime => 0x103C0
03:30:18 [ INFO] Found signature: find_hud_element => 0x2B6F27A0
03:30:18 [ INFO] Finished signature scanning: 56/57 items successful
03:30:18 [ INFO] Starting netvar scanning: 92 items
03:30:18 [ INFO] Found netvar: m_ArmorValue => 0x113CC
03:30:18 [ INFO] Found netvar: m_Collision => 0x320
03:30:18 [ INFO] Found netvar: m_CollisionGroup => 0x474
03:30:18 [ INFO] Found netvar: m_Local => 0x2FCC
03:30:18 [ INFO] Found netvar: m_MoveType => 0x25B
03:30:18 [ INFO] Found netvar: m_OriginalOwnerXuidHigh => 0x31D4
03:30:18 [ INFO] Found netvar: m_OriginalOwnerXuidLow => 0x31D0
03:30:18 [ INFO] Found netvar: m_aimPunchAngle => 0x303C
03:30:18 [ INFO] Found netvar: m_aimPunchAngleVel => 0x3048
03:30:18 [ INFO] Found netvar: m_bGunGameImmunity => 0x9990
03:30:18 [ INFO] Found netvar: m_bHasDefuser => 0x113DC
03:30:18 [ INFO] Found netvar: m_bHasHelmet => 0x113C0
03:30:18 [ INFO] Found netvar: m_bInReload => 0x3248
03:30:18 [ INFO] Found netvar: m_bIsDefusing => 0x997C
03:30:18 [ INFO] Found netvar: m_bIsScoped => 0x9974
03:30:18 [ INFO] Found netvar: m_bSpotted => 0x93D
03:30:18 [ INFO] Found netvar: m_bSpottedByMask => 0x980
03:30:18 [ INFO] Found netvar: m_dwBoneMatrix => 0x268C
03:30:18 [ INFO] Found netvar: m_fAccuracyPenalty => 0x3340
03:30:18 [ INFO] Found netvar: m_fFlags => 0x104
03:30:18 [ INFO] Found netvar: m_hViewModel => 0x3308
03:30:18 [ INFO] Found netvar: m_flFallbackWear => 0x31E0
03:30:18 [ INFO] Found netvar: m_flFlashDuration => 0x10470
03:30:18 [ INFO] Found netvar: m_flFlashMaxAlpha => 0x1046C
03:30:18 [ INFO] Found netvar: m_flNextPrimaryAttack => 0x3248
03:30:18 [ INFO] Found netvar: m_hActiveWeapon => 0x2F08
03:30:18 [ INFO] Found netvar: m_hMyWeapons => 0x2F08
03:30:18 [ INFO] Found netvar: m_hObserverTarget => 0x339C
03:30:18 [ INFO] Found netvar: m_hOwner => 0x29DC
03:30:18 [ INFO] Found netvar: m_hOwnerEntity => 0x14C
03:30:18 [ INFO] Found netvar: m_iAccountID => 0x2FD8
03:30:18 [ INFO] Found netvar: m_iClip1 => 0x3274
03:30:18 [ INFO] Found netvar: m_zoomLevel => 0x33E0
03:30:18 [ INFO] Found netvar: m_iCompetitiveRanking => 0x1A84
03:30:18 [ INFO] Found netvar: m_iCompetitiveWins => 0x1B88
03:30:18 [ INFO] Found netvar: m_iCrosshairId => 0x113DC
03:30:18 [ INFO] Found netvar: m_iEntityQuality => 0x2FBC
03:30:18 [ INFO] Found netvar: m_iFOVStart => 0x31F8
03:30:18 [ INFO] Found netvar: m_iGlowIndex => 0x10470
03:30:18 [ INFO] Found netvar: m_iHealth => 0x100
03:30:18 [ INFO] Found netvar: m_iItemDefinitionIndex => 0x2FBA
03:30:18 [ INFO] Found netvar: m_iItemIDHigh => 0x2FD0
03:30:18 [ INFO] Found netvar: m_iObserverMode => 0x3388
03:30:18 [ INFO] Found netvar: m_iShotsFired => 0x103E0
03:30:18 [ INFO] Found netvar: m_iState => 0x3268
03:30:18 [ INFO] Found netvar: m_iTeamNum => 0xF4
03:30:18 [ INFO] Found netvar: m_lifeState => 0x25F
03:30:18 [ INFO] Found netvar: m_nFallbackPaintKit => 0x31D8
03:30:18 [ INFO] Found netvar: m_nFallbackSeed => 0x31DC
03:30:18 [ INFO] Found netvar: m_nFallbackStatTrak => 0x31E4
03:30:18 [ INFO] Found netvar: m_iDefaultFOV => 0x333C
03:30:18 [ INFO] Found netvar: m_nForceBone => 0x268C
03:30:18 [ INFO] Found netvar: m_nTickBase => 0x3440
03:30:18 [ INFO] Found netvar: m_rgflCoordinateFrame => 0x474
03:30:18 [ INFO] Found netvar: m_szCustomName => 0x304C
03:30:18 [ INFO] Found netvar: m_szLastPlaceName => 0x35C4
03:30:18 [ INFO] Found netvar: m_vecOrigin => 0x138
03:30:18 [ INFO] Found netvar: m_vecVelocity => 0x114
03:30:18 [ INFO] Found netvar: m_vecViewOffset => 0x108
03:30:18 [ INFO] Found netvar: m_viewPunchAngle => 0x3030
03:30:18 [ INFO] Found netvar: m_thirdPersonViewAngles => 0x31E4
03:30:18 [ INFO] Found netvar: m_clrRender => 0x70
03:30:18 [ INFO] Found netvar: m_bBombTicking => 0x2990
03:30:18 [ INFO] Found netvar: m_bBombDefused => 0x29C0
03:30:18 [ INFO] Found netvar: m_flC4Blow => 0x29A0
03:30:18 [ INFO] Found netvar: m_hBombDefuser => 0x29C4
03:30:18 [ INFO] Found netvar: m_flTimerLength => 0x29A4
03:30:18 [ INFO] Found netvar: m_flDefuseLength => 0x29B8
03:30:18 [ INFO] Found netvar: m_flDefuseCountDown => 0x29BC
03:30:18 [ INFO] Found netvar: m_nBombSite => 0x2994
03:30:18 [ INFO] Found netvar: cs_gamerules_data => 0x0
03:30:18 [ INFO] Found netvar: m_SurvivalRules => 0xD00
03:30:18 [ INFO] Found netvar: m_SurvivalGameRuleDecisionTypes => 0x1328
03:30:18 [ INFO] Found netvar: m_bIsValveDS => 0x7C
03:30:18 [ INFO] Found netvar: m_bFreezePeriod => 0x20
03:30:18 [ INFO] Found netvar: m_bBombPlanted => 0x9A5
03:30:18 [ INFO] Found netvar: m_bIsQueuedMatchmaking => 0x74
03:30:18 [ INFO] Found netvar: m_flSimulationTime => 0x268
03:30:18 [ INFO] Found netvar: m_flLowerBodyYawTarget => 0x9ADC
03:30:18 [ INFO] Found netvar: m_angEyeAnglesX => 0x113D0
03:30:18 [ INFO] Found netvar: m_angEyeAnglesY => 0x113D4
03:30:18 [ INFO] Found netvar: m_flNextAttack => 0x2D80
03:30:18 [ INFO] Found netvar: m_iMostRecentModelBoneCounter => 0x268C
03:30:18 [ INFO] Found netvar: m_flLastBoneSetupTime => 0x28C0
03:30:18 [ INFO] Found netvar: m_bStartedArming => 0x3400
03:30:18 [ INFO] Found netvar: m_bUseCustomBloomScale => 0x9DA
03:30:18 [ INFO] Found netvar: m_bUseCustomAutoExposureMin => 0x9D8
03:30:18 [ INFO] Found netvar: m_bUseCustomAutoExposureMax => 0x9D9
03:30:18 [ INFO] Found netvar: m_flCustomBloomScale => 0x9E4
03:30:18 [ INFO] Found netvar: m_flCustomAutoExposureMin => 0x9DC
03:30:18 [ INFO] Found netvar: m_flCustomAutoExposureMax => 0x9E0
03:30:18 [ INFO] Found netvar: m_nViewModelIndex => 0x29D0
03:30:18 [ INFO] Finished netvar scanning: 92/92 items successful
03:30:19 [ INFO] Opening target process: csgo.exe
03:30:19 [ INFO] Starting signature scanning: 57 items
03:30:19 [ INFO] Found signature: dwClientState => 0x588FEC
03:30:19 [ INFO] Found signature: dwClientState_GetLocalPlayer => 0x180
03:30:19 [ INFO] Found signature: dwClientState_IsHLTV => 0x4D48
03:30:19 [ INFO] Found signature: dwClientState_Map => 0x28C
03:30:19 [ INFO] Found signature: dwClientState_MapDirectory => 0x188
03:30:19 [ INFO] Found signature: dwClientState_MaxPlayer => 0x388
03:30:19 [ INFO] Found signature: dwClientState_PlayerInfo => 0x52C0
03:30:19 [ INFO] Found signature: dwClientState_State => 0x108
03:30:19 [ WARN] dwClientState_ViewAngles sigscan failed: Pattern not found
03:30:19 [ INFO] Found signature: clientstate_delta_ticks => 0x174
03:30:19 [ INFO] Found signature: clientstate_last_outgoing_command => 0x4D2C
03:30:19 [ INFO] Found signature: clientstate_choked_commands => 0x4D30
03:30:19 [ INFO] Found signature: clientstate_net_channel => 0x9C
03:30:19 [ INFO] Found signature: dwEntityList => 0x4DBC5B4
03:30:19 [ INFO] Found signature: dwForceAttack => 0x31ECB34
03:30:19 [ INFO] Found signature: dwForceAttack2 => 0x31ECB40
03:30:19 [ INFO] Found signature: dwForceBackward => 0x31ECAEC
03:30:19 [ INFO] Found signature: dwForceForward => 0x31ECAF8
03:30:19 [ INFO] Found signature: dwForceJump => 0x52663C4
03:30:19 [ INFO] Found signature: dwForceLeft => 0x31ECB10
03:30:19 [ INFO] Found signature: dwForceRight => 0x31ECB04
03:30:19 [ INFO] Found signature: dwGameDir => 0x627700
03:30:19 [ INFO] Found signature: dwGameRulesProxy => 0x52D96AC
03:30:19 [ INFO] Found signature: dwGetAllClasses => 0xDCAA5C
03:30:19 [ INFO] Found signature: dwGlobalVars => 0x588CF0
03:30:19 [ INFO] Found signature: dwGlowObjectManager => 0x5304AC0
03:30:19 [ INFO] Found signature: dwInput => 0x520DB78
03:30:19 [ INFO] Found signature: dwInterfaceLinkList => 0x9538B4
03:30:19 [ INFO] Found signature: dwLocalPlayer => 0xDA244C
03:30:19 [ INFO] Found signature: dwMouseEnable => 0xDA7F98
03:30:19 [ INFO] Found signature: dwMouseEnablePtr => 0xDA7F68
03:30:19 [ INFO] Found signature: dwPlayerResource => 0x31EAE60
03:30:19 [ INFO] Found signature: dwRadarBase => 0x51F132C
03:30:19 [ INFO] Found signature: dwSensitivity => 0xDA7E34
03:30:19 [ INFO] Found signature: dwSensitivityPtr => 0xDA7E08
03:30:19 [ INFO] Found signature: dwSetClanTag => 0x8A130
03:30:19 [ INFO] Found signature: dwViewMatrix => 0x4DADEB4
03:30:19 [ INFO] Found signature: dwWeaponTable => 0x520E63C
03:30:19 [ INFO] Found signature: dwWeaponTableIndex => 0x326C
03:30:19 [ INFO] Found signature: dwYawPtr => 0xDA7BF8
03:30:19 [ INFO] Found signature: dwZoomSensitivityRatioPtr => 0xDACE98
03:30:19 [ INFO] Found signature: dwbSendPackets => 0xD7A62
03:30:19 [ INFO] Found signature: dwppDirect3DDevice9 => 0xA7050
03:30:19 [ INFO] Found signature: m_pStudioHdr => 0x2950
03:30:19 [ INFO] Found signature: m_yawClassPtr => 0xDA7BF8
03:30:19 [ INFO] Found signature: m_pitchClassPtr => 0x51F15C8
03:30:19 [ INFO] Found signature: interface_engine_cvar => 0x3E9EC
03:30:19 [ INFO] Found signature: convar_name_hash_table => 0x2F0F8
03:30:19 [ INFO] Found signature: m_bDormant => 0xED
03:30:19 [ INFO] Found signature: model_ambient_min => 0x58C00C
03:30:19 [ INFO] Found signature: set_abs_angles => 0x1E37C0
03:30:19 [ INFO] Found signature: set_abs_origin => 0x1E3600
03:30:19 [ INFO] Found signature: is_c4_owner => 0x3C0820
03:30:19 [ INFO] Found signature: force_update_spectator_glow => 0x3B38CA
03:30:19 [ INFO] Found signature: anim_overlays => 0x2990
03:30:19 [ INFO] Found signature: m_flSpawnTime => 0x103C0
03:30:19 [ INFO] Found signature: find_hud_element => 0x2B6F27A0
03:30:19 [ INFO] Finished signature scanning: 56/57 items successful
03:30:19 [ INFO] Starting netvar scanning: 92 items
03:30:19 [ INFO] Found netvar: m_ArmorValue => 0x113CC
03:30:19 [ INFO] Found netvar: m_Collision => 0x320
03:30:19 [ INFO] Found netvar: m_CollisionGroup => 0x474
03:30:19 [ INFO] Found netvar: m_Local => 0x2FCC
03:30:19 [ INFO] Found netvar: m_MoveType => 0x25B
03:30:19 [ INFO] Found netvar: m_OriginalOwnerXuidHigh => 0x31D4
03:30:19 [ INFO] Found netvar: m_OriginalOwnerXuidLow => 0x31D0
03:30:19 [ INFO] Found netvar: m_aimPunchAngle => 0x303C
03:30:19 [ INFO] Found netvar: m_aimPunchAngleVel => 0x3048
03:30:19 [ INFO] Found netvar: m_bGunGameImmunity => 0x9990
03:30:19 [ INFO] Found netvar: m_bHasDefuser => 0x113DC
03:30:19 [ INFO] Found netvar: m_bHasHelmet => 0x113C0
03:30:19 [ INFO] Found netvar: m_bInReload => 0x3248
03:30:19 [ INFO] Found netvar: m_bIsDefusing => 0x997C
03:30:19 [ INFO] Found netvar: m_bIsScoped => 0x9974
03:30:19 [ INFO] Found netvar: m_bSpotted => 0x93D
03:30:19 [ INFO] Found netvar: m_bSpottedByMask => 0x980
03:30:19 [ INFO] Found netvar: m_dwBoneMatrix => 0x268C
03:30:19 [ INFO] Found netvar: m_fAccuracyPenalty => 0x3340
03:30:19 [ INFO] Found netvar: m_fFlags => 0x104
03:30:19 [ INFO] Found netvar: m_hViewModel => 0x3308
03:30:19 [ INFO] Found netvar: m_flFallbackWear => 0x31E0
03:30:19 [ INFO] Found netvar: m_flFlashDuration => 0x10470
03:30:19 [ INFO] Found netvar: m_flFlashMaxAlpha => 0x1046C
03:30:19 [ INFO] Found netvar: m_flNextPrimaryAttack => 0x3248
03:30:19 [ INFO] Found netvar: m_hActiveWeapon => 0x2F08
03:30:19 [ INFO] Found netvar: m_hMyWeapons => 0x2F08
03:30:19 [ INFO] Found netvar: m_hObserverTarget => 0x339C
03:30:19 [ INFO] Found netvar: m_hOwner => 0x29DC
03:30:19 [ INFO] Found netvar: m_hOwnerEntity => 0x14C
03:30:19 [ INFO] Found netvar: m_iAccountID => 0x2FD8
03:30:19 [ INFO] Found netvar: m_iClip1 => 0x3274
03:30:19 [ INFO] Found netvar: m_zoomLevel => 0x33E0
03:30:19 [ INFO] Found netvar: m_iCompetitiveRanking => 0x1A84
03:30:19 [ INFO] Found netvar: m_iCompetitiveWins => 0x1B88
03:30:19 [ INFO] Found netvar: m_iCrosshairId => 0x113DC
03:30:19 [ INFO] Found netvar: m_iEntityQuality => 0x2FBC
03:30:19 [ INFO] Found netvar: m_iFOVStart => 0x31F8
03:30:19 [ INFO] Found netvar: m_iGlowIndex => 0x10470
03:30:19 [ INFO] Found netvar: m_iHealth => 0x100
03:30:19 [ INFO] Found netvar: m_iItemDefinitionIndex => 0x2FBA
03:30:19 [ INFO] Found netvar: m_iItemIDHigh => 0x2FD0
03:30:19 [ INFO] Found netvar: m_iObserverMode => 0x3388
03:30:19 [ INFO] Found netvar: m_iShotsFired => 0x103E0
03:30:19 [ INFO] Found netvar: m_iState => 0x3268
03:30:19 [ INFO] Found netvar: m_iTeamNum => 0xF4
03:30:19 [ INFO] Found netvar: m_lifeState => 0x25F
03:30:19 [ INFO] Found netvar: m_nFallbackPaintKit => 0x31D8
03:30:19 [ INFO] Found netvar: m_nFallbackSeed => 0x31DC
03:30:19 [ INFO] Found netvar: m_nFallbackStatTrak => 0x31E4
03:30:19 [ INFO] Found netvar: m_iDefaultFOV => 0x333C
03:30:19 [ INFO] Found netvar: m_nForceBone => 0x268C
03:30:19 [ INFO] Found netvar: m_nTickBase => 0x3440
03:30:19 [ INFO] Found netvar: m_rgflCoordinateFrame => 0x474
03:30:19 [ INFO] Found netvar: m_szCustomName => 0x304C
03:30:19 [ INFO] Found netvar: m_szLastPlaceName => 0x35C4
03:30:19 [ INFO] Found netvar: m_vecOrigin => 0x138
03:30:19 [ INFO] Found netvar: m_vecVelocity => 0x114
03:30:19 [ INFO] Found netvar: m_vecViewOffset => 0x108
03:30:19 [ INFO] Found netvar: m_viewPunchAngle => 0x3030
03:30:19 [ INFO] Found netvar: m_thirdPersonViewAngles => 0x31E4
03:30:19 [ INFO] Found netvar: m_clrRender => 0x70
03:30:19 [ INFO] Found netvar: m_bBombTicking => 0x2990
03:30:19 [ INFO] Found netvar: m_bBombDefused => 0x29C0
03:30:19 [ INFO] Found netvar: m_flC4Blow => 0x29A0
03:30:19 [ INFO] Found netvar: m_hBombDefuser => 0x29C4
03:30:19 [ INFO] Found netvar: m_flTimerLength => 0x29A4
03:30:19 [ INFO] Found netvar: m_flDefuseLength => 0x29B8
03:30:19 [ INFO] Found netvar: m_flDefuseCountDown => 0x29BC
03:30:19 [ INFO] Found netvar: m_nBombSite => 0x2994
03:30:19 [ INFO] Found netvar: cs_gamerules_data => 0x0
03:30:19 [ INFO] Found netvar: m_SurvivalRules => 0xD00
03:30:19 [ INFO] Found netvar: m_SurvivalGameRuleDecisionTypes => 0x1328
03:30:19 [ INFO] Found netvar: m_bIsValveDS => 0x7C
03:30:19 [ INFO] Found netvar: m_bFreezePeriod => 0x20
03:30:19 [ INFO] Found netvar: m_bBombPlanted => 0x9A5
03:30:19 [ INFO] Found netvar: m_bIsQueuedMatchmaking => 0x74
03:30:19 [ INFO] Found netvar: m_flSimulationTime => 0x268
03:30:19 [ INFO] Found netvar: m_flLowerBodyYawTarget => 0x9ADC
03:30:19 [ INFO] Found netvar: m_angEyeAnglesX => 0x113D0
03:30:19 [ INFO] Found netvar: m_angEyeAnglesY => 0x113D4
03:30:19 [ INFO] Found netvar: m_flNextAttack => 0x2D80
03:30:19 [ INFO] Found netvar: m_iMostRecentModelBoneCounter => 0x268C
03:30:19 [ INFO] Found netvar: m_flLastBoneSetupTime => 0x28C0
03:30:19 [ INFO] Found netvar: m_bStartedArming => 0x3400
03:30:19 [ INFO] Found netvar: m_bUseCustomBloomScale => 0x9DA
03:30:19 [ INFO] Found netvar: m_bUseCustomAutoExposureMin => 0x9D8
03:30:19 [ INFO] Found netvar: m_bUseCustomAutoExposureMax => 0x9D9
03:30:19 [ INFO] Found netvar: m_flCustomBloomScale => 0x9E4
03:30:19 [ INFO] Found netvar: m_flCustomAutoExposureMin => 0x9DC
03:30:19 [ INFO] Found netvar: m_flCustomAutoExposureMax => 0x9E0
03:30:19 [ INFO] Found netvar: m_nViewModelIndex => 0x29D0
03:30:19 [ INFO] Finished netvar scanning: 92/92 items successful
03:30:20 [ INFO] Opening target process: csgo.exe
03:30:20 [ INFO] Starting signature scanning: 57 items
03:30:20 [ INFO] Found signature: dwClientState => 0x588FEC
03:30:20 [ INFO] Found signature: dwClientState_GetLocalPlayer => 0x180
03:30:20 [ INFO] Found signature: dwClientState_IsHLTV => 0x4D48
03:30:20 [ INFO] Found signature: dwClientState_Map => 0x28C
03:30:20 [ INFO] Found signature: dwClientState_MapDirectory => 0x188
03:30:20 [ INFO] Found signature: dwClientState_MaxPlayer => 0x388
03:30:20 [ INFO] Found signature: dwClientState_PlayerInfo => 0x52C0
03:30:20 [ INFO] Found signature: dwClientState_State => 0x108
03:30:20 [ WARN] dwClientState_ViewAngles sigscan failed: Pattern not found
03:30:20 [ INFO] Found signature: clientstate_delta_ticks => 0x174
03:30:20 [ INFO] Found signature: clientstate_last_outgoing_command => 0x4D2C
03:30:20 [ INFO] Found signature: clientstate_choked_commands => 0x4D30
03:30:20 [ INFO] Found signature: clientstate_net_channel => 0x9C
03:30:20 [ INFO] Found signature: dwEntityList => 0x4DBC5B4
03:30:20 [ INFO] Found signature: dwForceAttack => 0x31ECB34
03:30:20 [ INFO] Found signature: dwForceAttack2 => 0x31ECB40
03:30:20 [ INFO] Found signature: dwForceBackward => 0x31ECAEC
03:30:20 [ INFO] Found signature: dwForceForward => 0x31ECAF8
03:30:20 [ INFO] Found signature: dwForceJump => 0x52663C4
03:30:20 [ INFO] Found signature: dwForceLeft => 0x31ECB10
03:30:20 [ INFO] Found signature: dwForceRight => 0x31ECB04
03:30:20 [ INFO] Found signature: dwGameDir => 0x627700
03:30:20 [ INFO] Found signature: dwGameRulesProxy => 0x52D96AC
03:30:20 [ INFO] Found signature: dwGetAllClasses => 0xDCAA5C
03:30:20 [ INFO] Found signature: dwGlobalVars => 0x588CF0
03:30:20 [ INFO] Found signature: dwGlowObjectManager => 0x5304AC0
03:30:20 [ INFO] Found signature: dwInput => 0x520DB78
03:30:20 [ INFO] Found signature: dwInterfaceLinkList => 0x9538B4
03:30:20 [ INFO] Found signature: dwLocalPlayer => 0xDA244C
03:30:20 [ INFO] Found signature: dwMouseEnable => 0xDA7F98
03:30:20 [ INFO] Found signature: dwMouseEnablePtr => 0xDA7F68
03:30:20 [ INFO] Found signature: dwPlayerResource => 0x31EAE60
03:30:20 [ INFO] Found signature: dwRadarBase => 0x51F132C
03:30:20 [ INFO] Found signature: dwSensitivity => 0xDA7E34
03:30:20 [ INFO] Found signature: dwSensitivityPtr => 0xDA7E08
03:30:20 [ INFO] Found signature: dwSetClanTag => 0x8A130
03:30:20 [ INFO] Found signature: dwViewMatrix => 0x4DADEB4
03:30:20 [ INFO] Found signature: dwWeaponTable => 0x520E63C
03:30:20 [ INFO] Found signature: dwWeaponTableIndex => 0x326C
03:30:20 [ INFO] Found signature: dwYawPtr => 0xDA7BF8
03:30:20 [ INFO] Found signature: dwZoomSensitivityRatioPtr => 0xDACE98
03:30:20 [ INFO] Found signature: dwbSendPackets => 0xD7A62
03:30:20 [ INFO] Found signature: dwppDirect3DDevice9 => 0xA7050
03:30:20 [ INFO] Found signature: m_pStudioHdr => 0x2950
03:30:20 [ INFO] Found signature: m_yawClassPtr => 0xDA7BF8
03:30:20 [ INFO] Found signature: m_pitchClassPtr => 0x51F15C8
03:30:20 [ INFO] Found signature: interface_engine_cvar => 0x3E9EC
03:30:20 [ INFO] Found signature: convar_name_hash_table => 0x2F0F8
03:30:20 [ INFO] Found signature: m_bDormant => 0xED
03:30:20 [ INFO] Found signature: model_ambient_min => 0x58C00C
03:30:20 [ INFO] Found signature: set_abs_angles => 0x1E37C0
03:30:20 [ INFO] Found signature: set_abs_origin => 0x1E3600
03:30:20 [ INFO] Found signature: is_c4_owner => 0x3C0820
03:30:20 [ INFO] Found signature: force_update_spectator_glow => 0x3B38CA
03:30:20 [ INFO] Found signature: anim_overlays => 0x2990
03:30:20 [ INFO] Found signature: m_flSpawnTime => 0x103C0
03:30:20 [ INFO] Found signature: find_hud_element => 0x2B6F27A0
03:30:20 [ INFO] Finished signature scanning: 56/57 items successful
03:30:20 [ INFO] Starting netvar scanning: 92 items
03:30:20 [ INFO] Found netvar: m_ArmorValue => 0x113CC
03:30:20 [ INFO] Found netvar: m_Collision => 0x320
03:30:20 [ INFO] Found netvar: m_CollisionGroup => 0x474
03:30:20 [ INFO] Found netvar: m_Local => 0x2FCC
03:30:20 [ INFO] Found netvar: m_MoveType => 0x25B
03:30:20 [ INFO] Found netvar: m_OriginalOwnerXuidHigh => 0x31D4
03:30:20 [ INFO] Found netvar: m_OriginalOwnerXuidLow => 0x31D0
03:30:20 [ INFO] Found netvar: m_aimPunchAngle => 0x303C
03:30:20 [ INFO] Found netvar: m_aimPunchAngleVel => 0x3048
03:30:20 [ INFO] Found netvar: m_bGunGameImmunity => 0x9990
03:30:20 [ INFO] Found netvar: m_bHasDefuser => 0x113DC
03:30:20 [ INFO] Found netvar: m_bHasHelmet => 0x113C0
03:30:20 [ INFO] Found netvar: m_bInReload => 0x3248
03:30:20 [ INFO] Found netvar: m_bIsDefusing => 0x997C
03:30:20 [ INFO] Found netvar: m_bIsScoped => 0x9974
03:30:20 [ INFO] Found netvar: m_bSpotted => 0x93D
03:30:20 [ INFO] Found netvar: m_bSpottedByMask => 0x980
03:30:20 [ INFO] Found netvar: m_dwBoneMatrix => 0x268C
03:30:20 [ INFO] Found netvar: m_fAccuracyPenalty => 0x3340
03:30:20 [ INFO] Found netvar: m_fFlags => 0x104
03:30:20 [ INFO] Found netvar: m_hViewModel => 0x3308
03:30:20 [ INFO] Found netvar: m_flFallbackWear => 0x31E0
03:30:20 [ INFO] Found netvar: m_flFlashDuration => 0x10470
03:30:20 [ INFO] Found netvar: m_flFlashMaxAlpha => 0x1046C
03:30:20 [ INFO] Found netvar: m_flNextPrimaryAttack => 0x3248
03:30:20 [ INFO] Found netvar: m_hActiveWeapon => 0x2F08
03:30:20 [ INFO] Found netvar: m_hMyWeapons => 0x2F08
03:30:20 [ INFO] Found netvar: m_hObserverTarget => 0x339C
03:30:20 [ INFO] Found netvar: m_hOwner => 0x29DC
03:30:20 [ INFO] Found netvar: m_hOwnerEntity => 0x14C
03:30:20 [ INFO] Found netvar: m_iAccountID => 0x2FD8
03:30:20 [ INFO] Found netvar: m_iClip1 => 0x3274
03:30:20 [ INFO] Found netvar: m_zoomLevel => 0x33E0
03:30:20 [ INFO] Found netvar: m_iCompetitiveRanking => 0x1A84
03:30:20 [ INFO] Found netvar: m_iCompetitiveWins => 0x1B88
03:30:20 [ INFO] Found netvar: m_iCrosshairId => 0x113DC
03:30:20 [ INFO] Found netvar: m_iEntityQuality => 0x2FBC
03:30:20 [ INFO] Found netvar: m_iFOVStart => 0x31F8
03:30:20 [ INFO] Found netvar: m_iGlowIndex => 0x10470
03:30:20 [ INFO] Found netvar: m_iHealth => 0x100
03:30:20 [ INFO] Found netvar: m_iItemDefinitionIndex => 0x2FBA
03:30:20 [ INFO] Found netvar: m_iItemIDHigh => 0x2FD0
03:30:20 [ INFO] Found netvar: m_iObserverMode => 0x3388
03:30:20 [ INFO] Found netvar: m_iShotsFired => 0x103E0
03:30:20 [ INFO] Found netvar: m_iState => 0x3268
03:30:20 [ INFO] Found netvar: m_iTeamNum => 0xF4
03:30:20 [ INFO] Found netvar: m_lifeState => 0x25F
03:30:20 [ INFO] Found netvar: m_nFallbackPaintKit => 0x31D8
03:30:20 [ INFO] Found netvar: m_nFallbackSeed => 0x31DC
03:30:20 [ INFO] Found netvar: m_nFallbackStatTrak => 0x31E4
03:30:20 [ INFO] Found netvar: m_iDefaultFOV => 0x333C
03:30:20 [ INFO] Found netvar: m_nForceBone => 0x268C
03:30:20 [ INFO] Found netvar: m_nTickBase => 0x3440
03:30:20 [ INFO] Found netvar: m_rgflCoordinateFrame => 0x474
03:30:20 [ INFO] Found netvar: m_szCustomName => 0x304C
03:30:20 [ INFO] Found netvar: m_szLastPlaceName => 0x35C4
03:30:20 [ INFO] Found netvar: m_vecOrigin => 0x138
03:30:20 [ INFO] Found netvar: m_vecVelocity => 0x114
03:30:20 [ INFO] Found netvar: m_vecViewOffset => 0x108
03:30:20 [ INFO] Found netvar: m_viewPunchAngle => 0x3030
03:30:20 [ INFO] Found netvar: m_thirdPersonViewAngles => 0x31E4
03:30:20 [ INFO] Found netvar: m_clrRender => 0x70
03:30:20 [ INFO] Found netvar: m_bBombTicking => 0x2990
03:30:20 [ INFO] Found netvar: m_bBombDefused => 0x29C0
03:30:20 [ INFO] Found netvar: m_flC4Blow => 0x29A0
03:30:20 [ INFO] Found netvar: m_hBombDefuser => 0x29C4
03:30:20 [ INFO] Found netvar: m_flTimerLength => 0x29A4
03:30:20 [ INFO] Found netvar: m_flDefuseLength => 0x29B8
03:30:20 [ INFO] Found netvar: m_flDefuseCountDown => 0x29BC
03:30:20 [ INFO] Found netvar: m_nBombSite => 0x2994
03:30:20 [ INFO] Found netvar: cs_gamerules_data => 0x0
03:30:20 [ INFO] Found netvar: m_SurvivalRules => 0xD00
03:30:20 [ INFO] Found netvar: m_SurvivalGameRuleDecisionTypes => 0x1328
03:30:20 [ INFO] Found netvar: m_bIsValveDS => 0x7C
03:30:20 [ INFO] Found netvar: m_bFreezePeriod => 0x20
03:30:20 [ INFO] Found netvar: m_bBombPlanted => 0x9A5
03:30:20 [ INFO] Found netvar: m_bIsQueuedMatchmaking => 0x74
03:30:20 [ INFO] Found netvar: m_flSimulationTime => 0x268
03:30:20 [ INFO] Found netvar: m_flLowerBodyYawTarget => 0x9ADC
03:30:20 [ INFO] Found netvar: m_angEyeAnglesX => 0x113D0
03:30:20 [ INFO] Found netvar: m_angEyeAnglesY => 0x113D4
03:30:20 [ INFO] Found netvar: m_flNextAttack => 0x2D80
03:30:20 [ INFO] Found netvar: m_iMostRecentModelBoneCounter => 0x268C
03:30:20 [ INFO] Found netvar: m_flLastBoneSetupTime => 0x28C0
03:30:20 [ INFO] Found netvar: m_bStartedArming => 0x3400
03:30:20 [ INFO] Found netvar: m_bUseCustomBloomScale => 0x9DA
03:30:20 [ INFO] Found netvar: m_bUseCustomAutoExposureMin => 0x9D8
03:30:20 [ INFO] Found netvar: m_bUseCustomAutoExposureMax => 0x9D9
03:30:20 [ INFO] Found netvar: m_flCustomBloomScale => 0x9E4
03:30:20 [ INFO] Found netvar: m_flCustomAutoExposureMin => 0x9DC
03:30:20 [ INFO] Found netvar: m_flCustomAutoExposureMax => 0x9E0
03:30:20 [ INFO] Found netvar: m_nViewModelIndex => 0x29D0
03:30:20 [ INFO] Finished netvar scanning: 92/92 items successful
03:30:23 [ INFO] Opening target process: csgo.exe
03:30:23 [ INFO] Starting signature scanning: 57 items
03:30:23 [ INFO] Found signature: dwClientState => 0x588FEC
03:30:23 [ INFO] Found signature: dwClientState_GetLocalPlayer => 0x180
03:30:23 [ INFO] Found signature: dwClientState_IsHLTV => 0x4D48
03:30:23 [ INFO] Found signature: dwClientState_Map => 0x28C
03:30:23 [ INFO] Found signature: dwClientState_MapDirectory => 0x188
03:30:23 [ INFO] Found signature: dwClientState_MaxPlayer => 0x388
03:30:23 [ INFO] Found signature: dwClientState_PlayerInfo => 0x52C0
03:30:23 [ INFO] Found signature: dwClientState_State => 0x108
03:30:24 [ WARN] dwClientState_ViewAngles sigscan failed: Pattern not found
03:30:24 [ INFO] Found signature: clientstate_delta_ticks => 0x174
03:30:24 [ INFO] Found signature: clientstate_last_outgoing_command => 0x4D2C
03:30:24 [ INFO] Found signature: clientstate_choked_commands => 0x4D30
03:30:24 [ INFO] Found signature: clientstate_net_channel => 0x9C
03:30:24 [ INFO] Found signature: dwEntityList => 0x4DBC5B4
03:30:24 [ INFO] Found signature: dwForceAttack => 0x31ECB34
03:30:24 [ INFO] Found signature: dwForceAttack2 => 0x31ECB40
03:30:24 [ INFO] Found signature: dwForceBackward => 0x31ECAEC
03:30:24 [ INFO] Found signature: dwForceForward => 0x31ECAF8
03:30:24 [ INFO] Found signature: dwForceJump => 0x52663C4
03:30:24 [ INFO] Found signature: dwForceLeft => 0x31ECB10
03:30:24 [ INFO] Found signature: dwForceRight => 0x31ECB04
03:30:24 [ INFO] Found signature: dwGameDir => 0x627700
03:30:24 [ INFO] Found signature: dwGameRulesProxy => 0x52D96AC
03:30:24 [ INFO] Found signature: dwGetAllClasses => 0xDCAA5C
03:30:24 [ INFO] Found signature: dwGlobalVars => 0x588CF0
03:30:24 [ INFO] Found signature: dwGlowObjectManager => 0x5304AC0
03:30:24 [ INFO] Found signature: dwInput => 0x520DB78
03:30:24 [ INFO] Found signature: dwInterfaceLinkList => 0x9538B4
03:30:24 [ INFO] Found signature: dwLocalPlayer => 0xDA244C
03:30:24 [ INFO] Found signature: dwMouseEnable => 0xDA7F98
03:30:24 [ INFO] Found signature: dwMouseEnablePtr => 0xDA7F68
03:30:24 [ INFO] Found signature: dwPlayerResource => 0x31EAE60
03:30:24 [ INFO] Found signature: dwRadarBase => 0x51F132C
03:30:24 [ INFO] Found signature: dwSensitivity => 0xDA7E34
03:30:24 [ INFO] Found signature: dwSensitivityPtr => 0xDA7E08
03:30:24 [ INFO] Found signature: dwSetClanTag => 0x8A130
03:30:24 [ INFO] Found signature: dwViewMatrix => 0x4DADEB4
03:30:24 [ INFO] Found signature: dwWeaponTable => 0x520E63C
03:30:24 [ INFO] Found signature: dwWeaponTableIndex => 0x326C
03:30:24 [ INFO] Found signature: dwYawPtr => 0xDA7BF8
03:30:24 [ INFO] Found signature: dwZoomSensitivityRatioPtr => 0xDACE98
03:30:24 [ INFO] Found signature: dwbSendPackets => 0xD7A62
03:30:24 [ INFO] Found signature: dwppDirect3DDevice9 => 0xA7050
03:30:24 [ INFO] Found signature: m_pStudioHdr => 0x2950
03:30:24 [ INFO] Found signature: m_yawClassPtr => 0xDA7BF8
03:30:24 [ INFO] Found signature: m_pitchClassPtr => 0x51F15C8
03:30:24 [ INFO] Found signature: interface_engine_cvar => 0x3E9EC
03:30:24 [ INFO] Found signature: convar_name_hash_table => 0x2F0F8
03:30:24 [ INFO] Found signature: m_bDormant => 0xED
03:30:24 [ INFO] Found signature: model_ambient_min => 0x58C00C
03:30:24 [ INFO] Found signature: set_abs_angles => 0x1E37C0
03:30:24 [ INFO] Found signature: set_abs_origin => 0x1E3600
03:30:24 [ INFO] Found signature: is_c4_owner => 0x3C0820
03:30:24 [ INFO] Found signature: force_update_spectator_glow => 0x3B38CA
03:30:24 [ INFO] Found signature: anim_overlays => 0x2990
03:30:24 [ INFO] Found signature: m_flSpawnTime => 0x103C0
03:30:24 [ INFO] Found signature: find_hud_element => 0x2B6F27A0
03:30:24 [ INFO] Finished signature scanning: 56/57 items successful
03:30:24 [ INFO] Starting netvar scanning: 92 items
03:30:24 [ INFO] Found netvar: m_ArmorValue => 0x113CC
03:30:24 [ INFO] Found netvar: m_Collision => 0x320
03:30:24 [ INFO] Found netvar: m_CollisionGroup => 0x474
03:30:24 [ INFO] Found netvar: m_Local => 0x2FCC
03:30:24 [ INFO] Found netvar: m_MoveType => 0x25B
03:30:24 [ INFO] Found netvar: m_OriginalOwnerXuidHigh => 0x31D4
03:30:24 [ INFO] Found netvar: m_OriginalOwnerXuidLow => 0x31D0
03:30:24 [ INFO] Found netvar: m_aimPunchAngle => 0x303C
03:30:24 [ INFO] Found netvar: m_aimPunchAngleVel => 0x3048
03:30:24 [ INFO] Found netvar: m_bGunGameImmunity => 0x9990
03:30:24 [ INFO] Found netvar: m_bHasDefuser => 0x113DC
03:30:24 [ INFO] Found netvar: m_bHasHelmet => 0x113C0
03:30:24 [ INFO] Found netvar: m_bInReload => 0x3248
03:30:24 [ INFO] Found netvar: m_bIsDefusing => 0x997C
03:30:24 [ INFO] Found netvar: m_bIsScoped => 0x9974
03:30:24 [ INFO] Found netvar: m_bSpotted => 0x93D
03:30:24 [ INFO] Found netvar: m_bSpottedByMask => 0x980
03:30:24 [ INFO] Found netvar: m_dwBoneMatrix => 0x268C
03:30:24 [ INFO] Found netvar: m_fAccuracyPenalty => 0x3340
03:30:24 [ INFO] Found netvar: m_fFlags => 0x104
03:30:24 [ INFO] Found netvar: m_hViewModel => 0x3308
03:30:24 [ INFO] Found netvar: m_flFallbackWear => 0x31E0
03:30:24 [ INFO] Found netvar: m_flFlashDuration => 0x10470
03:30:24 [ INFO] Found netvar: m_flFlashMaxAlpha => 0x1046C
03:30:24 [ INFO] Found netvar: m_flNextPrimaryAttack => 0x3248
03:30:24 [ INFO] Found netvar: m_hActiveWeapon => 0x2F08
03:30:24 [ INFO] Found netvar: m_hMyWeapons => 0x2F08
03:30:24 [ INFO] Found netvar: m_hObserverTarget => 0x339C
03:30:24 [ INFO] Found netvar: m_hOwner => 0x29DC
03:30:24 [ INFO] Found netvar: m_hOwnerEntity => 0x14C
03:30:24 [ INFO] Found netvar: m_iAccountID => 0x2FD8
03:30:24 [ INFO] Found netvar: m_iClip1 => 0x3274
03:30:24 [ INFO] Found netvar: m_zoomLevel => 0x33E0
03:30:24 [ INFO] Found netvar: m_iCompetitiveRanking => 0x1A84
03:30:24 [ INFO] Found netvar: m_iCompetitiveWins => 0x1B88
03:30:24 [ INFO] Found netvar: m_iCrosshairId => 0x113DC
03:30:24 [ INFO] Found netvar: m_iEntityQuality => 0x2FBC
03:30:24 [ INFO] Found netvar: m_iFOVStart => 0x31F8
03:30:24 [ INFO] Found netvar: m_iGlowIndex => 0x10470
03:30:24 [ INFO] Found netvar: m_iHealth => 0x100
03:30:24 [ INFO] Found netvar: m_iItemDefinitionIndex => 0x2FBA
03:30:24 [ INFO] Found netvar: m_iItemIDHigh => 0x2FD0
03:30:24 [ INFO] Found netvar: m_iObserverMode => 0x3388
03:30:24 [ INFO] Found netvar: m_iShotsFired => 0x103E0
03:30:24 [ INFO] Found netvar: m_iState => 0x3268
03:30:24 [ INFO] Found netvar: m_iTeamNum => 0xF4
03:30:24 [ INFO] Found netvar: m_lifeState => 0x25F
03:30:24 [ INFO] Found netvar: m_nFallbackPaintKit => 0x31D8
03:30:24 [ INFO] Found netvar: m_nFallbackSeed => 0x31DC
03:30:24 [ INFO] Found netvar: m_nFallbackStatTrak => 0x31E4
03:30:24 [ INFO] Found netvar: m_iDefaultFOV => 0x333C
03:30:24 [ INFO] Found netvar: m_nForceBone => 0x268C
03:30:24 [ INFO] Found netvar: m_nTickBase => 0x3440
03:30:24 [ INFO] Found netvar: m_rgflCoordinateFrame => 0x474
03:30:24 [ INFO] Found netvar: m_szCustomName => 0x304C
03:30:24 [ INFO] Found netvar: m_szLastPlaceName => 0x35C4
03:30:24 [ INFO] Found netvar: m_vecOrigin => 0x138
03:30:24 [ INFO] Found netvar: m_vecVelocity => 0x114
03:30:24 [ INFO] Found netvar: m_vecViewOffset => 0x108
03:30:24 [ INFO] Found netvar: m_viewPunchAngle => 0x3030
03:30:24 [ INFO] Found netvar: m_thirdPersonViewAngles => 0x31E4
03:30:24 [ INFO] Found netvar: m_clrRender => 0x70
03:30:24 [ INFO] Found netvar: m_bBombTicking => 0x2990
03:30:24 [ INFO] Found netvar: m_bBombDefused => 0x29C0
03:30:24 [ INFO] Found netvar: m_flC4Blow => 0x29A0
03:30:24 [ INFO] Found netvar: m_hBombDefuser => 0x29C4
03:30:24 [ INFO] Found netvar: m_flTimerLength => 0x29A4
03:30:24 [ INFO] Found netvar: m_flDefuseLength => 0x29B8
03:30:24 [ INFO] Found netvar: m_flDefuseCountDown => 0x29BC
03:30:24 [ INFO] Found netvar: m_nBombSite => 0x2994
03:30:24 [ INFO] Found netvar: cs_gamerules_data => 0x0
03:30:24 [ INFO] Found netvar: m_SurvivalRules => 0xD00
03:30:24 [ INFO] Found netvar: m_SurvivalGameRuleDecisionTypes => 0x1328
03:30:24 [ INFO] Found netvar: m_bIsValveDS => 0x7C
03:30:24 [ INFO] Found netvar: m_bFreezePeriod => 0x20
03:30:24 [ INFO] Found netvar: m_bBombPlanted => 0x9A5
03:30:24 [ INFO] Found netvar: m_bIsQueuedMatchmaking => 0x74
03:30:24 [ INFO] Found netvar: m_flSimulationTime => 0x268
03:30:24 [ INFO] Found netvar: m_flLowerBodyYawTarget => 0x9ADC
03:30:24 [ INFO] Found netvar: m_angEyeAnglesX => 0x113D0
03:30:24 [ INFO] Found netvar: m_angEyeAnglesY => 0x113D4
03:30:24 [ INFO] Found netvar: m_flNextAttack => 0x2D80
03:30:24 [ INFO] Found netvar: m_iMostRecentModelBoneCounter => 0x268C
03:30:24 [ INFO] Found netvar: m_flLastBoneSetupTime => 0x28C0
03:30:24 [ INFO] Found netvar: m_bStartedArming => 0x3400
03:30:24 [ INFO] Found netvar: m_bUseCustomBloomScale => 0x9DA
03:30:24 [ INFO] Found netvar: m_bUseCustomAutoExposureMin => 0x9D8
03:30:24 [ INFO] Found netvar: m_bUseCustomAutoExposureMax => 0x9D9
03:30:24 [ INFO] Found netvar: m_flCustomBloomScale => 0x9E4
03:30:24 [ INFO] Found netvar: m_flCustomAutoExposureMin => 0x9DC
03:30:24 [ INFO] Found netvar: m_flCustomAutoExposureMax => 0x9E0
03:30:24 [ INFO] Found netvar: m_nViewModelIndex => 0x29D0
03:30:24 [ INFO] Finished netvar scanning: 92/92 items successful
